<?xml version="1.0" encoding="UTF-8"?>
<!-- Generated by org.testng.reporters.JUnitReportReporter -->
<testsuite skipped="0" hostname="Rajesh-PC" name="testSelenium.Login" tests="1" failures="0" timestamp="09 Mar 2019 06:56:08 GMT" time="114.148" errors="0">
  <testcase name="login" time="114.148" classname="testSelenium.Login"/>
</testsuite> <!-- testSelenium.Login -->
