<?xml version="1.0" encoding="UTF-8"?>
<!-- Generated by org.testng.reporters.JUnitReportReporter -->
<testsuite skipped="0" hostname="Rajesh-PC" name="testSelenium.Login" tests="1" failures="0" timestamp="09 Mar 2019 07:29:18 GMT" time="140.799" errors="0">
  <testcase name="login" time="140.799" classname="testSelenium.Login"/>
</testsuite> <!-- testSelenium.Login -->
